<?xml version="1.0" encoding="UTF-8"?>
<!-- Generated by org.testng.reporters.JUnitReportReporter -->
<testsuite skipped="0" hostname="LAPTOP-0EJGS7M7" name="testCases.UpdateOneProduct" tests="2" failures="0" timestamp="02 Jun 2023 21:40:18 GMT" time="1.876" errors="0">
  <testcase name="updateOneProducts" time="1.563" classname="testCases.UpdateOneProduct"/>
  <testcase name="readOneProducts" time="0.313" classname="testCases.UpdateOneProduct"/>
</testsuite> <!-- testCases.UpdateOneProduct -->
