<?xml version="1.0" encoding="UTF-8"?>
<!-- Generated by org.testng.reporters.JUnitReportReporter -->
<testsuite skipped="0" hostname="LAPTOP-0EJGS7M7" name="testCases.ReadAllProducts" tests="1" failures="0" timestamp="02 Jun 2023 21:39:32 GMT" time="1.578" errors="0">
  <testcase name="readAllProducts" time="1.578" classname="testCases.ReadAllProducts"/>
</testsuite> <!-- testCases.ReadAllProducts -->
