<?xml version="1.0" encoding="UTF-8"?>
<!-- Generated by org.testng.reporters.JUnitReportReporter -->
<testsuite skipped="0" hostname="LAPTOP-0EJGS7M7" name="testCases.CreateOneProductUsingHashMap" tests="3" failures="0" timestamp="02 Jun 2023 21:38:55 GMT" time="2.379" errors="0">
  <testcase name="createOneProduct" time="1.760" classname="testCases.CreateOneProductUsingHashMap"/>
  <testcase name="readAllProducts" time="0.346" classname="testCases.CreateOneProductUsingHashMap"/>
  <testcase name="readOneProducts" time="0.273" classname="testCases.CreateOneProductUsingHashMap"/>
</testsuite> <!-- testCases.CreateOneProductUsingHashMap -->
