<?xml version="1.0" encoding="UTF-8"?>
<!-- Generated by org.testng.reporters.JUnitReportReporter -->
<testsuite skipped="0" hostname="LAPTOP-0EJGS7M7" name="testCases.CreateOneProduct" tests="3" failures="0" timestamp="04 Jun 2023 12:37:26 GMT" time="2.760" errors="0">
  <testcase name="createOneProduct" time="2.149" classname="testCases.CreateOneProduct"/>
  <testcase name="readAllProducts" time="0.351" classname="testCases.CreateOneProduct"/>
  <testcase name="readOneProducts" time="0.260" classname="testCases.CreateOneProduct"/>
</testsuite> <!-- testCases.CreateOneProduct -->
