<?xml version="1.0" encoding="UTF-8"?>
<!-- Generated by org.testng.reporters.JUnitReportReporter -->
<testsuite skipped="0" hostname="LAPTOP-0EJGS7M7" name="testCases.DeleteOneProduct" tests="2" failures="0" timestamp="02 Jun 2023 21:39:15 GMT" time="2.056" errors="0">
  <testcase name="deleteOneProduct" time="1.802" classname="testCases.DeleteOneProduct"/>
  <testcase name="readOneProducts" time="0.254" classname="testCases.DeleteOneProduct"/>
</testsuite> <!-- testCases.DeleteOneProduct -->
