<?xml version="1.0" encoding="UTF-8"?>
<!-- Generated by org.testng.reporters.JUnitReportReporter -->
<testsuite skipped="0" hostname="LAPTOP-0EJGS7M7" name="testCases.ReadOneProduct" tests="1" failures="0" timestamp="02 Jun 2023 21:39:57 GMT" time="1.822" errors="0">
  <testcase name="readOneProducts" time="1.822" classname="testCases.ReadOneProduct"/>
</testsuite> <!-- testCases.ReadOneProduct -->
